<?xml version="1.0" encoding="UTF-8"?>
<testsuite name="AppTest" tests="7" skipped="0" failures="0" errors="0" timestamp="2016-02-09T00:00:37" hostname="epicodus-66.local" time="0.003">
  <properties/>
  <testcase name="leetspeak_replacesEverySInAStringWithAZ_wordChanges" classname="AppTest" time="0.001"/>
  <testcase name="leetspeak_doesNotReplaceSWhenFirstLetter_wordChanges" classname="AppTest" time="0.0"/>
  <testcase name="leetspeak_replacesEveryOInAStringWithA0_wordChanges" classname="AppTest" time="0.0"/>
  <testcase name="leetspeak_returnsAStringAsIsWhenNoLeetspeakIsPresent_wordDoesntChange" classname="AppTest" time="0.0"/>
  <testcase name="leetspeak_replacesEveryIInAStringWithA1_wordChanges" classname="AppTest" time="0.0"/>
  <testcase name="leetspeak_replacesEveryEInAStringWithA3_wordChanges" classname="AppTest" time="0.0"/>
  <testcase name="leetspeak_makesCorrectReplacementsRegardlessOfCase_ignoresUppercase" classname="AppTest" time="0.001"/>
  <system-out><![CDATA[]]></system-out>
  <system-err><![CDATA[]]></system-err>
</testsuite>
